{"name":"Log","hostname":"427540abc8e0","pid":1,"level":30,"msg":"Ghost is running in production...","time":"2021-09-06T20:50:21.167Z","v":0}
{"name":"Log","hostname":"427540abc8e0","pid":1,"level":30,"msg":"Your site is now available on http://localhost:2368/","time":"2021-09-06T20:50:21.169Z","v":0}
{"name":"Log","hostname":"427540abc8e0","pid":1,"level":30,"msg":"Ctrl+C to shut down","time":"2021-09-06T20:50:21.170Z","v":0}
{"name":"Log","hostname":"427540abc8e0","pid":1,"level":30,"msg":"Ghost server started in 0.693s","time":"2021-09-06T20:50:21.176Z","v":0}
{"name":"Log","hostname":"427540abc8e0","pid":1,"level":40,"msg":"Database state requires initialisation.","time":"2021-09-06T20:50:21.636Z","v":0}
{"name":"Log","hostname":"427540abc8e0","pid":1,"level":30,"msg":"Creating table: posts","time":"2021-09-06T20:50:23.224Z","v":0}
{"name":"Log","hostname":"427540abc8e0","pid":1,"level":30,"msg":"Creating table: posts_meta","time":"2021-09-06T20:50:23.279Z","v":0}
{"name":"Log","hostname":"427540abc8e0","pid":1,"level":30,"msg":"Creating table: users","time":"2021-09-06T20:50:23.326Z","v":0}
{"name":"Log","hostname":"427540abc8e0","pid":1,"level":30,"msg":"Creating table: oauth","time":"2021-09-06T20:50:23.382Z","v":0}
{"name":"Log","hostname":"427540abc8e0","pid":1,"level":30,"msg":"Creating table: posts_authors","time":"2021-09-06T20:50:23.397Z","v":0}
{"name":"Log","hostname":"427540abc8e0","pid":1,"level":30,"msg":"Creating table: roles","time":"2021-09-06T20:50:23.424Z","v":0}
{"name":"Log","hostname":"427540abc8e0","pid":1,"level":30,"msg":"Creating table: roles_users","time":"2021-09-06T20:50:23.466Z","v":0}
{"name":"Log","hostname":"427540abc8e0","pid":1,"level":30,"msg":"Creating table: permissions","time":"2021-09-06T20:50:23.488Z","v":0}
{"name":"Log","hostname":"427540abc8e0","pid":1,"level":30,"msg":"Creating table: permissions_users","time":"2021-09-06T20:50:23.516Z","v":0}
{"name":"Log","hostname":"427540abc8e0","pid":1,"level":30,"msg":"Creating table: permissions_roles","time":"2021-09-06T20:50:23.533Z","v":0}
{"name":"Log","hostname":"427540abc8e0","pid":1,"level":30,"msg":"Creating table: settings","time":"2021-09-06T20:50:23.547Z","v":0}
{"name":"Log","hostname":"427540abc8e0","pid":1,"level":30,"msg":"Creating table: tags","time":"2021-09-06T20:50:23.587Z","v":0}
{"name":"Log","hostname":"427540abc8e0","pid":1,"level":30,"msg":"Creating table: posts_tags","time":"2021-09-06T20:50:23.625Z","v":0}
{"name":"Log","hostname":"427540abc8e0","pid":1,"level":30,"msg":"Creating table: invites","time":"2021-09-06T20:50:23.649Z","v":0}
{"name":"Log","hostname":"427540abc8e0","pid":1,"level":30,"msg":"Creating table: brute","time":"2021-09-06T20:50:23.701Z","v":0}
{"name":"Log","hostname":"427540abc8e0","pid":1,"level":30,"msg":"Creating table: sessions","time":"2021-09-06T20:50:23.737Z","v":0}
{"name":"Log","hostname":"427540abc8e0","pid":1,"level":30,"msg":"Creating table: integrations","time":"2021-09-06T20:50:23.771Z","v":0}
{"name":"Log","hostname":"427540abc8e0","pid":1,"level":30,"msg":"Creating table: webhooks","time":"2021-09-06T20:50:23.808Z","v":0}
{"name":"Log","hostname":"427540abc8e0","pid":1,"level":30,"msg":"Creating table: api_keys","time":"2021-09-06T20:50:23.825Z","v":0}
{"name":"Log","hostname":"427540abc8e0","pid":1,"level":30,"msg":"Creating table: mobiledoc_revisions","time":"2021-09-06T20:50:23.856Z","v":0}
{"name":"Log","hostname":"427540abc8e0","pid":1,"level":30,"msg":"Creating table: members","time":"2021-09-06T20:50:23.887Z","v":0}
{"name":"Log","hostname":"427540abc8e0","pid":1,"level":30,"msg":"Creating table: products","time":"2021-09-06T20:50:23.955Z","v":0}
{"name":"Log","hostname":"427540abc8e0","pid":1,"level":30,"msg":"Creating table: benefits","time":"2021-09-06T20:50:24.002Z","v":0}
{"name":"Log","hostname":"427540abc8e0","pid":1,"level":30,"msg":"Creating table: products_benefits","time":"2021-09-06T20:50:24.048Z","v":0}
{"name":"Log","hostname":"427540abc8e0","pid":1,"level":30,"msg":"Creating table: members_products","time":"2021-09-06T20:50:24.080Z","v":0}
{"name":"Log","hostname":"427540abc8e0","pid":1,"level":30,"msg":"Creating table: members_payment_events","time":"2021-09-06T20:50:24.107Z","v":0}
{"name":"Log","hostname":"427540abc8e0","pid":1,"level":30,"msg":"Creating table: members_login_events","time":"2021-09-06T20:50:24.132Z","v":0}
{"name":"Log","hostname":"427540abc8e0","pid":1,"level":30,"msg":"Creating table: members_email_change_events","time":"2021-09-06T20:50:24.154Z","v":0}
{"name":"Log","hostname":"427540abc8e0","pid":1,"level":30,"msg":"Creating table: members_status_events","time":"2021-09-06T20:50:24.171Z","v":0}
{"name":"Log","hostname":"427540abc8e0","pid":1,"level":30,"msg":"Creating table: members_paid_subscription_events","time":"2021-09-06T20:50:24.190Z","v":0}
{"name":"Log","hostname":"427540abc8e0","pid":1,"level":30,"msg":"Creating table: labels","time":"2021-09-06T20:50:24.210Z","v":0}
{"name":"Log","hostname":"427540abc8e0","pid":1,"level":30,"msg":"Creating table: members_labels","time":"2021-09-06T20:50:24.268Z","v":0}
{"name":"Log","hostname":"427540abc8e0","pid":1,"level":30,"msg":"Creating table: members_stripe_customers","time":"2021-09-06T20:50:24.291Z","v":0}
{"name":"Log","hostname":"427540abc8e0","pid":1,"level":30,"msg":"Creating table: members_stripe_customers_subscriptions","time":"2021-09-06T20:50:24.334Z","v":0}
{"name":"Log","hostname":"427540abc8e0","pid":1,"level":30,"msg":"Creating table: members_subscribe_events","time":"2021-09-06T20:50:24.380Z","v":0}
{"name":"Log","hostname":"427540abc8e0","pid":1,"level":30,"msg":"Creating table: stripe_products","time":"2021-09-06T20:50:24.396Z","v":0}
{"name":"Log","hostname":"427540abc8e0","pid":1,"level":30,"msg":"Creating table: stripe_prices","time":"2021-09-06T20:50:24.426Z","v":0}
{"name":"Log","hostname":"427540abc8e0","pid":1,"level":30,"msg":"Creating table: actions","time":"2021-09-06T20:50:24.464Z","v":0}
{"name":"Log","hostname":"427540abc8e0","pid":1,"level":30,"msg":"Creating table: emails","time":"2021-09-06T20:50:24.481Z","v":0}
{"name":"Log","hostname":"427540abc8e0","pid":1,"level":30,"msg":"Creating table: email_batches","time":"2021-09-06T20:50:24.548Z","v":0}
{"name":"Log","hostname":"427540abc8e0","pid":1,"level":30,"msg":"Creating table: email_recipients","time":"2021-09-06T20:50:24.568Z","v":0}
{"name":"Log","hostname":"427540abc8e0","pid":1,"level":30,"msg":"Creating table: tokens","time":"2021-09-06T20:50:24.673Z","v":0}
{"name":"Log","hostname":"427540abc8e0","pid":1,"level":30,"msg":"Creating table: snippets","time":"2021-09-06T20:50:24.707Z","v":0}
{"name":"Log","hostname":"427540abc8e0","pid":1,"level":30,"msg":"Model: Product","time":"2021-09-06T20:50:24.770Z","v":0}
{"name":"Log","hostname":"427540abc8e0","pid":1,"level":30,"msg":"Model: Tag","time":"2021-09-06T20:50:24.860Z","v":0}
{"name":"Log","hostname":"427540abc8e0","pid":1,"level":30,"msg":"Model: Role","time":"2021-09-06T20:50:24.888Z","v":0}
{"name":"Log","hostname":"427540abc8e0","pid":1,"level":30,"msg":"Model: Permission","time":"2021-09-06T20:50:24.954Z","v":0}
{"name":"Log","hostname":"427540abc8e0","pid":1,"level":30,"msg":"Model: User","time":"2021-09-06T20:50:25.500Z","v":0}
{"name":"Log","hostname":"427540abc8e0","pid":1,"level":30,"msg":"Model: Post","time":"2021-09-06T20:50:26.092Z","v":0}
{"name":"Log","hostname":"427540abc8e0","pid":1,"level":30,"msg":"Model: Integration","time":"2021-09-06T20:50:27.122Z","v":0}
{"name":"Log","hostname":"427540abc8e0","pid":1,"level":30,"msg":"Relation: Role to Permission","time":"2021-09-06T20:50:27.229Z","v":0}
{"name":"Log","hostname":"427540abc8e0","pid":1,"level":30,"msg":"Relation: Post to Tag","time":"2021-09-06T20:50:27.905Z","v":0}
{"name":"Log","hostname":"427540abc8e0","pid":1,"level":30,"msg":"Relation: User to Role","time":"2021-09-06T20:50:27.974Z","v":0}
{"name":"Log","hostname":"427540abc8e0","pid":1,"level":30,"msg":"Database is in a ready state.","time":"2021-09-06T20:50:28.515Z","v":0}
{"name":"Log","hostname":"427540abc8e0","pid":1,"level":30,"msg":"Ghost database ready in 8.033s","time":"2021-09-06T20:50:28.515Z","v":0}
{"name":"Log","hostname":"427540abc8e0","pid":1,"level":30,"msg":"Ghost booted in 13.031s","time":"2021-09-06T20:50:33.514Z","v":0}
{"name":"Log","hostname":"427540abc8e0","pid":1,"level":30,"msg":"Adding offloaded job to the queue","time":"2021-09-06T20:50:33.521Z","v":0}
{"name":"Log","hostname":"427540abc8e0","pid":1,"level":30,"msg":"Scheduling job update-check at 49 29 1 * * *. Next run on: Tue Sep 07 2021 01:29:49 GMT+0000 (Coordinated Universal Time)","time":"2021-09-06T20:50:33.541Z","v":0}
{"name":"Log","hostname":"427540abc8e0","pid":1,"level":40,"msg":"Ghost is shutting down","time":"2021-09-06T20:50:59.602Z","v":0}
{"name":"Log","hostname":"427540abc8e0","pid":1,"level":40,"msg":"Ghost has shut down","time":"2021-09-06T20:50:59.606Z","v":0}
{"name":"Log","hostname":"427540abc8e0","pid":1,"level":40,"msg":"Your site is now offline","time":"2021-09-06T20:50:59.607Z","v":0}
{"name":"Log","hostname":"427540abc8e0","pid":1,"level":40,"msg":"Ghost was running for a few seconds","time":"2021-09-06T20:50:59.609Z","v":0}
{"name":"Log","hostname":"1374754b0efc","pid":1,"level":30,"msg":"Ghost is running in production...","time":"2021-09-06T20:58:15.845Z","v":0}
{"name":"Log","hostname":"1374754b0efc","pid":1,"level":30,"msg":"Your site is now available on http://localhost:2368/","time":"2021-09-06T20:58:15.847Z","v":0}
{"name":"Log","hostname":"1374754b0efc","pid":1,"level":30,"msg":"Ctrl+C to shut down","time":"2021-09-06T20:58:15.848Z","v":0}
{"name":"Log","hostname":"1374754b0efc","pid":1,"level":30,"msg":"Ghost server started in 0.719s","time":"2021-09-06T20:58:15.854Z","v":0}
{"name":"Log","hostname":"1374754b0efc","pid":1,"level":30,"msg":"Database is in a ready state.","time":"2021-09-06T20:58:16.340Z","v":0}
{"name":"Log","hostname":"1374754b0efc","pid":1,"level":30,"msg":"Ghost database ready in 1.206s","time":"2021-09-06T20:58:16.341Z","v":0}
{"name":"Log","hostname":"1374754b0efc","pid":1,"level":30,"msg":"Ghost booted in 5.573s","time":"2021-09-06T20:58:20.709Z","v":0}
{"name":"Log","hostname":"1374754b0efc","pid":1,"level":30,"msg":"Adding offloaded job to the queue","time":"2021-09-06T20:58:20.720Z","v":0}
{"name":"Log","hostname":"1374754b0efc","pid":1,"level":30,"msg":"Scheduling job update-check at 43 35 22 * * *. Next run on: Mon Sep 06 2021 22:35:43 GMT+0000 (Coordinated Universal Time)","time":"2021-09-06T20:58:20.752Z","v":0}
{"name":"Log","hostname":"1374754b0efc","pid":1,"level":40,"msg":"Ghost is shutting down","time":"2021-09-06T21:06:13.940Z","v":0}
{"name":"Log","hostname":"1374754b0efc","pid":1,"level":40,"msg":"Ghost has shut down","time":"2021-09-06T21:06:13.947Z","v":0}
{"name":"Log","hostname":"1374754b0efc","pid":1,"level":40,"msg":"Your site is now offline","time":"2021-09-06T21:06:13.948Z","v":0}
{"name":"Log","hostname":"1374754b0efc","pid":1,"level":40,"msg":"Ghost was running for 8 minutes","time":"2021-09-06T21:06:13.950Z","v":0}
